<testsuites>
  <testsuite name="ChangeLogger.Action.UnitTests.dll" tests="20" skipped="0" failures="0" errors="0" time="1.2051262" timestamp="2025-06-20T15:07:43" hostname="fv-az1360-490" id="0" package="ChangeLogger.Action.UnitTests.dll">
    <properties />
    <testcase classname="ChangeLogger.Action.UnitTests.Features.UpdateChangeLog.UpdateChangeLogCommandTests" name="UpdateChangeLogOptions_WhenDefaultValuesUsed_ThenShouldHaveCorrectDefaults" time="0.2363210" />
    <testcase classname="ChangeLogger.Action.UnitTests.Shared.InputGeneratorTests" name="CreateInputs_WhenRepositoryUrlSetCorrectly_ThenOwnerShouldBeSetCorrectly(repositoryUrl: &quot;TestOwner/TestRepo&quot;, expectedOwnerName: &quot;TestOwner&quot;, _: &quot;TestRepo&quot;)" time="0.3337339" />
    <testcase classname="ChangeLogger.Action.UnitTests.Shared.InputGeneratorTests" name="CreateInputs_WhenRepositoryUrlSetCorrectly_ThenOwnerShouldBeSetCorrectly(repositoryUrl: &quot;ChangeLogger/ChangeLogger.Action&quot;, expectedOwnerName: &quot;ChangeLogger&quot;, _: &quot;ChangeLogger.Action&quot;)" time="0.0059709" />
    <testcase classname="ChangeLogger.Action.UnitTests.Shared.InputGeneratorTests" name="CreateInputs_WhenRepositoryUrlSetCorrectly_ThenOwnerShouldBeSetCorrectly(repositoryUrl: &quot;AnotherOwner/AnotherRepository&quot;, expectedOwnerName: &quot;AnotherOwner&quot;, _: &quot;AnotherRepository&quot;)" time="0.0028734" />
    <testcase classname="ChangeLogger.Action.UnitTests.Shared.InputGeneratorTests" name="CreateInputs_WhenRepositoryUrlSetIncorrectly_ThenThrowsArgumentException(repositoryUrl: &quot;MissingForwardSlash&quot;)" time="0.0131748" />
    <testcase classname="ChangeLogger.Action.UnitTests.Shared.InputGeneratorTests" name="CreateInputs_WhenRepositoryUrlSetIncorrectly_ThenThrowsArgumentException(repositoryUrl: &quot;Too/Many/Slashes/In/Repository/Name&quot;)" time="0.0039095" />
    <testcase classname="ChangeLogger.Action.UnitTests.Shared.InputGeneratorTests" name="CreateInputs_WhenRepositoryUrlSetIncorrectly_ThenThrowsArgumentException(repositoryUrl: &quot;&quot;)" time="0.0029045" />
    <testcase classname="ChangeLogger.Action.UnitTests.Shared.InputGeneratorTests" name="CreateInputs_WhenRepositoryUrlSetIncorrectly_ThenThrowsArgumentException(repositoryUrl: &quot;!$%£^$%£^$%$!¬$%YGFVS^%£YERGSDV WASDZXGHC&amp;Y&quot;)" time="0.0030464" />
    <testcase classname="ChangeLogger.Action.UnitTests.Features.UpdateChangeLog.UpdateChangeLogCommandTests" name="Update_ChangeLogDoesExist_ThenReturnsSuccessCode(options: UpdateChangeLogOptions { LogPath = &quot;LogPath342a4e43-f784-4961-a7c3-6b1db4da1650&quot;, RepositoryPath = &quot;RepositoryPath82e968c8-4a60-479d-be89-03cf5c8cc734&quot;, Tag = &quot;Tag9016671f-7320-42f4-935f-dabd3fafbf25&quot; }, changeLogContent: &quot;changeLogContent1db30ef5-baff-4ead-872d-847cee6f13&quot;···, updatedContent: &quot;updatedContenta8d99651-0ba9-4444-93af-e4af6d7009c9&quot;, inputs: Inputs { Tag = Tagd4befc74-61b1-47db-aaa2-498334ee3570, Date = 01/15/2027, Repository = Repository { Name = Namee7de24b2-c818-4ca0-aad0-8cd9ab8ee956, Owner = Owner { Name = Name7b732166-3e3f-4675-a909-2b259fd6d873 }, GenesisHash = GenesisHash2964d25f-b73b-4bdc-a527-592a01ec14c6 }, ChangeLogPath = ChangeLogPathaa5acb6e-43bb-4bdd-a9d2-3ecb4c531bb8 })" time="0.0198624" />
    <testcase classname="ChangeLogger.Action.UnitTests.Shared.InputGeneratorTests" name="CreateInputs_WhenInputsCreated_ThenDateShouldBeSetToToday" time="0.0034731" />
    <testcase classname="ChangeLogger.Action.UnitTests.Shared.InputGeneratorTests" name="CreateInputs_WhenRepositoryUrlSetCorrectly_ThenRepositoryNameShouldBeSetCorrectly(repositoryUrl: &quot;AnotherOwner/AnotherRepository&quot;, _: &quot;AnotherOwner&quot;, expectedRepositoryName: &quot;AnotherRepository&quot;)" time="0.0025898" />
    <testcase classname="ChangeLogger.Action.UnitTests.Shared.InputGeneratorTests" name="CreateInputs_WhenRepositoryUrlSetCorrectly_ThenRepositoryNameShouldBeSetCorrectly(repositoryUrl: &quot;TestOwner/TestRepo&quot;, _: &quot;TestOwner&quot;, expectedRepositoryName: &quot;TestRepo&quot;)" time="0.0027456" />
    <testcase classname="ChangeLogger.Action.UnitTests.Shared.InputGeneratorTests" name="CreateInputs_WhenRepositoryUrlSetCorrectly_ThenRepositoryNameShouldBeSetCorrectly(repositoryUrl: &quot;ChangeLogger/ChangeLogger.Action&quot;, _: &quot;ChangeLogger&quot;, expectedRepositoryName: &quot;ChangeLogger.Action&quot;)" time="0.0028856" />
    <testcase classname="ChangeLogger.Action.UnitTests.Shared.InputGeneratorTests" name="CreateInputs_WhenTagIsSetCorrectly_ThenTagShouldSetInInputsCorrectly" time="0.0025883" />
    <testcase classname="ChangeLogger.Action.UnitTests.Shared.InputGeneratorTests" name="CreateInputs_WhenChangeLogPathSetCorrectly_ThenChangeLogPathShouldBeSetInInputs" time="0.0025731" />
    <testcase classname="ChangeLogger.Action.UnitTests.Features.UpdateChangeLog.ChangeLogTransformerTests" name="UpdateChangelog_MovesUnreleasedToNewTag(fileName: &quot;complex-changelog-001.md&quot;, original: &quot;# Changelog\n\nAll notable changes to this project&quot;···)" time="0.4035826" />
    <testcase classname="ChangeLogger.Action.UnitTests.Features.UpdateChangeLog.ChangeLogTransformerTests" name="UpdateChangelog_MovesUnreleasedToNewTag(fileName: &quot;basic-changelog-001.md&quot;, original: &quot;# Changelog\n\n## [Unreleased]\n\n### Added\n\n- N&quot;···)" time="0.0087427" />
    <testcase classname="ChangeLogger.Action.UnitTests.Features.UpdateChangeLog.ChangeLogTransformerTests" name="UpdateChangelog_ThrowsIfNoUnreleasedSection" time="0.0272925" />
    <testcase classname="ChangeLogger.Action.UnitTests.Features.UpdateChangeLog.UpdateChangeLogCommandTests" name="UpdateChangeLogOptions_WhenParsedWithOnlyTag_ThenShouldUseDefaults" time="0.1261555" />
    <testcase classname="ChangeLogger.Action.UnitTests.Features.UpdateChangeLog.UpdateChangeLogCommandTests" name="Update_ChangeLogDoesNotExist_ThenReturnsErrorCode(options: UpdateChangeLogOptions { LogPath = &quot;LogPath48d31f05-8f29-4e39-a7dc-caf258f13ce3&quot;, RepositoryPath = &quot;RepositoryPath3e0032d3-a345-4a8f-9d2e-e6901ccf8248&quot;, Tag = &quot;Tag04c83b69-ee7e-43af-80f0-aedd035b3af4&quot; })" time="0.0007006" />
    <system-out>
Test Framework Informational Messages:
[xUnit.net 00:00:00.00] xUnit.net VSTest Adapter v3.1.1+bf6400fd51 (64-bit .NET 8.0.17)
[xUnit.net 00:00:00.15]   Discovering: ChangeLogger.Action.UnitTests
[xUnit.net 00:00:00.25]   Discovered:  ChangeLogger.Action.UnitTests
[xUnit.net 00:00:00.31]   Starting:    ChangeLogger.Action.UnitTests
[xUnit.net 00:00:00.88]   Finished:    ChangeLogger.Action.UnitTests
</system-out>
    <system-err></system-err>
  </testsuite>
</testsuites>